2020-01-08 04:23:12 [main] INFO  o.s.b.t.c.SpringBootTestContextBootstrapper -
				Neither @ContextConfiguration nor @ContextHierarchy found for test class [com.stackroute.keepnote.test.log.LoggerTest], using SpringBootContextLoader
2020-01-08 04:23:12 [main] INFO  o.s.t.c.s.AbstractContextLoader -
				Could not detect default resource locations for test class [com.stackroute.keepnote.test.log.LoggerTest]: no resource found for suffixes {-context.xml, Context.groovy}.
2020-01-08 04:23:12 [main] INFO  o.s.t.c.s.AnnotationConfigContextLoaderUtils -
				Could not detect default configuration classes for test class [com.stackroute.keepnote.test.log.LoggerTest]: LoggerTest does not declare any static, non-private, non-final, nested classes annotated with @Configuration.
2020-01-08 04:23:12 [main] INFO  o.s.b.t.c.SpringBootTestContextBootstrapper -
				Found @SpringBootConfiguration com.stackroute.keepnote.ReminderServiceApplication for test class com.stackroute.keepnote.test.log.LoggerTest
2020-01-08 04:23:12 [main] INFO  o.s.b.t.c.SpringBootTestContextBootstrapper -
				Loaded default TestExecutionListener class names from location [META-INF/spring.factories]: [org.springframework.boot.test.mock.mockito.MockitoTestExecutionListener, org.springframework.boot.test.mock.mockito.ResetMocksTestExecutionListener, org.springframework.boot.test.autoconfigure.restdocs.RestDocsTestExecutionListener, org.springframework.boot.test.autoconfigure.web.client.MockRestServiceServerResetTestExecutionListener, org.springframework.boot.test.autoconfigure.web.servlet.MockMvcPrintOnlyOnFailureTestExecutionListener, org.springframework.boot.test.autoconfigure.web.servlet.WebDriverTestExecutionListener, org.springframework.test.context.web.ServletTestExecutionListener, org.springframework.test.context.support.DirtiesContextBeforeModesTestExecutionListener, org.springframework.test.context.support.DependencyInjectionTestExecutionListener, org.springframework.test.context.support.DirtiesContextTestExecutionListener, org.springframework.test.context.transaction.TransactionalTestExecutionListener, org.springframework.test.context.jdbc.SqlScriptsTestExecutionListener]
2020-01-08 04:23:12 [main] INFO  o.s.b.t.c.SpringBootTestContextBootstrapper -
				Using TestExecutionListeners: [org.springframework.test.context.web.ServletTestExecutionListener@31f9b85e, org.springframework.test.context.support.DirtiesContextBeforeModesTestExecutionListener@424e1977, org.springframework.boot.test.mock.mockito.MockitoTestExecutionListener@10d68fcd, org.springframework.boot.test.autoconfigure.SpringBootDependencyInjectionTestExecutionListener@117e949d, org.springframework.test.context.support.DirtiesContextTestExecutionListener@6db9f5a4, org.springframework.test.context.transaction.TransactionalTestExecutionListener@5f8edcc5, org.springframework.test.context.jdbc.SqlScriptsTestExecutionListener@7b02881e, org.springframework.boot.test.mock.mockito.ResetMocksTestExecutionListener@1ebd319f, org.springframework.boot.test.autoconfigure.restdocs.RestDocsTestExecutionListener@3c0be339, org.springframework.boot.test.autoconfigure.web.client.MockRestServiceServerResetTestExecutionListener@15ca7889, org.springframework.boot.test.autoconfigure.web.servlet.MockMvcPrintOnlyOnFailureTestExecutionListener@7a675056, org.springframework.boot.test.autoconfigure.web.servlet.WebDriverTestExecutionListener@d21a74c]
2020-01-08 04:23:12 [main] INFO  o.s.b.t.a.w.s.WebMvcTestContextBootstrapper -
				Neither @ContextConfiguration nor @ContextHierarchy found for test class [com.stackroute.keepnote.test.controller.ReminderControllerTest], using SpringBootContextLoader
2020-01-08 04:23:12 [main] INFO  o.s.t.c.s.AbstractContextLoader -
				Could not detect default resource locations for test class [com.stackroute.keepnote.test.controller.ReminderControllerTest]: no resource found for suffixes {-context.xml, Context.groovy}.
2020-01-08 04:23:12 [main] INFO  o.s.t.c.s.AnnotationConfigContextLoaderUtils -
				Could not detect default configuration classes for test class [com.stackroute.keepnote.test.controller.ReminderControllerTest]: ReminderControllerTest does not declare any static, non-private, non-final, nested classes annotated with @Configuration.
2020-01-08 04:23:12 [main] INFO  o.s.b.t.c.SpringBootTestContextBootstrapper -
				Found @SpringBootConfiguration com.stackroute.keepnote.ReminderServiceApplication for test class com.stackroute.keepnote.test.controller.ReminderControllerTest
2020-01-08 04:23:12 [main] INFO  o.s.b.t.a.w.s.WebMvcTestContextBootstrapper -
				Loaded default TestExecutionListener class names from location [META-INF/spring.factories]: [org.springframework.boot.test.mock.mockito.MockitoTestExecutionListener, org.springframework.boot.test.mock.mockito.ResetMocksTestExecutionListener, org.springframework.boot.test.autoconfigure.restdocs.RestDocsTestExecutionListener, org.springframework.boot.test.autoconfigure.web.client.MockRestServiceServerResetTestExecutionListener, org.springframework.boot.test.autoconfigure.web.servlet.MockMvcPrintOnlyOnFailureTestExecutionListener, org.springframework.boot.test.autoconfigure.web.servlet.WebDriverTestExecutionListener, org.springframework.test.context.web.ServletTestExecutionListener, org.springframework.test.context.support.DirtiesContextBeforeModesTestExecutionListener, org.springframework.test.context.support.DependencyInjectionTestExecutionListener, org.springframework.test.context.support.DirtiesContextTestExecutionListener, org.springframework.test.context.transaction.TransactionalTestExecutionListener, org.springframework.test.context.jdbc.SqlScriptsTestExecutionListener]
2020-01-08 04:23:12 [main] INFO  o.s.b.t.a.w.s.WebMvcTestContextBootstrapper -
				Using TestExecutionListeners: [org.springframework.test.context.web.ServletTestExecutionListener@6babf3bf, org.springframework.test.context.support.DirtiesContextBeforeModesTestExecutionListener@3059cbc, org.springframework.boot.test.mock.mockito.MockitoTestExecutionListener@7ea9e1e2, org.springframework.boot.test.autoconfigure.SpringBootDependencyInjectionTestExecutionListener@24fcf36f, org.springframework.test.context.support.DirtiesContextTestExecutionListener@10feca44, org.springframework.test.context.transaction.TransactionalTestExecutionListener@3fb1549b, org.springframework.test.context.jdbc.SqlScriptsTestExecutionListener@ea6147e, org.springframework.boot.test.mock.mockito.ResetMocksTestExecutionListener@4d02f94e, org.springframework.boot.test.autoconfigure.restdocs.RestDocsTestExecutionListener@2b48a640, org.springframework.boot.test.autoconfigure.web.client.MockRestServiceServerResetTestExecutionListener@1e683a3e, org.springframework.boot.test.autoconfigure.web.servlet.MockMvcPrintOnlyOnFailureTestExecutionListener@2053d869, org.springframework.boot.test.autoconfigure.web.servlet.WebDriverTestExecutionListener@7a419da4]
2020-01-08 04:23:12 [main] INFO  o.s.b.t.c.SpringBootTestContextBootstrapper -
				Neither @ContextConfiguration nor @ContextHierarchy found for test class [com.stackroute.keepnote.test.repository.ReminderRepositoryTest], using SpringBootContextLoader
2020-01-08 04:23:12 [main] INFO  o.s.t.c.s.AbstractContextLoader -
				Could not detect default resource locations for test class [com.stackroute.keepnote.test.repository.ReminderRepositoryTest]: no resource found for suffixes {-context.xml, Context.groovy}.
2020-01-08 04:23:12 [main] INFO  o.s.t.c.s.AnnotationConfigContextLoaderUtils -
				Could not detect default configuration classes for test class [com.stackroute.keepnote.test.repository.ReminderRepositoryTest]: ReminderRepositoryTest does not declare any static, non-private, non-final, nested classes annotated with @Configuration.
2020-01-08 04:23:12 [main] INFO  o.s.b.t.c.SpringBootTestContextBootstrapper -
				Found @SpringBootConfiguration com.stackroute.keepnote.ReminderServiceApplication for test class com.stackroute.keepnote.test.repository.ReminderRepositoryTest
2020-01-08 04:23:12 [main] INFO  o.s.b.t.c.SpringBootTestContextBootstrapper -
				Loaded default TestExecutionListener class names from location [META-INF/spring.factories]: [org.springframework.boot.test.mock.mockito.MockitoTestExecutionListener, org.springframework.boot.test.mock.mockito.ResetMocksTestExecutionListener, org.springframework.boot.test.autoconfigure.restdocs.RestDocsTestExecutionListener, org.springframework.boot.test.autoconfigure.web.client.MockRestServiceServerResetTestExecutionListener, org.springframework.boot.test.autoconfigure.web.servlet.MockMvcPrintOnlyOnFailureTestExecutionListener, org.springframework.boot.test.autoconfigure.web.servlet.WebDriverTestExecutionListener, org.springframework.test.context.web.ServletTestExecutionListener, org.springframework.test.context.support.DirtiesContextBeforeModesTestExecutionListener, org.springframework.test.context.support.DependencyInjectionTestExecutionListener, org.springframework.test.context.support.DirtiesContextTestExecutionListener, org.springframework.test.context.transaction.TransactionalTestExecutionListener, org.springframework.test.context.jdbc.SqlScriptsTestExecutionListener]
2020-01-08 04:23:12 [main] INFO  o.s.b.t.c.SpringBootTestContextBootstrapper -
				Using TestExecutionListeners: [org.springframework.test.context.web.ServletTestExecutionListener@20ccf40b, org.springframework.test.context.support.DirtiesContextBeforeModesTestExecutionListener@2fb3536e, org.springframework.boot.test.mock.mockito.MockitoTestExecutionListener@169e6180, org.springframework.boot.test.autoconfigure.SpringBootDependencyInjectionTestExecutionListener@35aea049, org.springframework.test.context.support.DirtiesContextTestExecutionListener@7205765b, org.springframework.test.context.transaction.TransactionalTestExecutionListener@47987356, org.springframework.test.context.jdbc.SqlScriptsTestExecutionListener@22ef9844, org.springframework.boot.test.mock.mockito.ResetMocksTestExecutionListener@6283d8b8, org.springframework.boot.test.autoconfigure.restdocs.RestDocsTestExecutionListener@3b6ddd1d, org.springframework.boot.test.autoconfigure.web.client.MockRestServiceServerResetTestExecutionListener@3f6b0be5, org.springframework.boot.test.autoconfigure.web.servlet.MockMvcPrintOnlyOnFailureTestExecutionListener@611889f4, org.springframework.boot.test.autoconfigure.web.servlet.WebDriverTestExecutionListener@1da2cb77]
2020-01-08 04:23:13 [main] INFO  c.s.keepnote.test.log.LoggerTest -
				Starting LoggerTest on ip-172-31-95-30 with PID 5448 (started by ubuntu in /home/ubuntu/Desktop/backend/KeepNote-Step6-Boilerplate/ReminderService)
2020-01-08 04:23:13 [main] INFO  c.s.keepnote.test.log.LoggerTest -
				No active profile set, falling back to default profiles: default
2020-01-08 04:23:13 [main] INFO  o.s.w.c.s.GenericWebApplicationContext -
				Refreshing org.springframework.web.context.support.GenericWebApplicationContext@4d6025c5: startup date [Wed Jan 08 04:23:13 UTC 2020]; root of context hierarchy
2020-01-08 04:23:16 [Thread-3] INFO  o.s.b.a.mongo.embedded.EmbeddedMongo -
				note: noprealloc may hurt performance in many applications
2020-01-08 04:23:16 [Thread-3] INFO  o.s.b.a.mongo.embedded.EmbeddedMongo -
				2020-01-08T04:23:16.057+0000 I CONTROL  [initandlisten] MongoDB starting : pid=5472 port=42499 dbpath=/tmp/embedmongo-db-331805bd-87da-49a7-805b-0f4a75567285 64-bit host=ip-172-31-95-30
2020-01-08 04:23:16 [Thread-3] INFO  o.s.b.a.mongo.embedded.EmbeddedMongo -
				2020-01-08T04:23:16.058+0000 I CONTROL  [initandlisten] db version v3.2.2
2020-01-08 04:23:16 [Thread-3] INFO  o.s.b.a.mongo.embedded.EmbeddedMongo -
				2020-01-08T04:23:16.059+0000 I CONTROL  [initandlisten] git version: 6e71d0d568e134c029203593b00a0103e7cdf30b
2020-01-08 04:23:16 [Thread-3] INFO  o.s.b.a.mongo.embedded.EmbeddedMongo -
				2020-01-08T04:23:16.059+0000 I CONTROL  [initandlisten] allocator: tcmalloc
2020-01-08 04:23:16 [Thread-3] INFO  o.s.b.a.mongo.embedded.EmbeddedMongo -
				2020-01-08T04:23:16.059+0000 I CONTROL  [initandlisten] modules: none
2020-01-08 04:23:16 [Thread-3] INFO  o.s.b.a.mongo.embedded.EmbeddedMongo -
				2020-01-08T04:23:16.060+0000 I CONTROL  [initandlisten] build environment:
2020-01-08 04:23:16 [Thread-3] INFO  o.s.b.a.mongo.embedded.EmbeddedMongo -
				2020-01-08T04:23:16.060+0000 I CONTROL  [initandlisten]     distarch: x86_64
2020-01-08 04:23:16 [Thread-3] INFO  o.s.b.a.mongo.embedded.EmbeddedMongo -
				2020-01-08T04:23:16.061+0000 I CONTROL  [initandlisten]     target_arch: x86_64
2020-01-08 04:23:16 [Thread-3] INFO  o.s.b.a.mongo.embedded.EmbeddedMongo -
				2020-01-08T04:23:16.062+0000 I CONTROL  [initandlisten] options: { net: { bindIp: "127.0.0.1", http: { enabled: false }, port: 42499 }, security: { authorization: "disabled" }, storage: { dbPath: "/tmp/embedmongo-db-331805bd-87da-49a7-805b-0f4a75567285", journal: { enabled: false }, mmapv1: { preallocDataFiles: false, smallFiles: true }, syncPeriodSecs: 0.0 } }
2020-01-08 04:23:16 [Thread-3] INFO  o.s.b.a.mongo.embedded.EmbeddedMongo -
				2020-01-08T04:23:16.099+0000 I STORAGE  [initandlisten] wiredtiger_open config: create,cache_size=4G,session_max=20000,eviction=(threads_max=4),config_base=false,statistics=(fast),log=(enabled=true,archive=true,path=journal,compressor=snappy),file_manager=(close_idle_time=100000),checkpoint=(wait=0,log_size=2GB),statistics_log=(wait=0),,log=(enabled=false),
2020-01-08 04:23:16 [Thread-3] INFO  o.s.b.a.mongo.embedded.EmbeddedMongo -
				2020-01-08T04:23:16.252+0000 W STORAGE  [initandlisten] Detected configuration for non-active storage engine mmapv1 when current storage engine is wiredTiger
2020-01-08 04:23:16 [Thread-3] INFO  o.s.b.a.mongo.embedded.EmbeddedMongo -
				2020-01-08T04:23:16.253+0000 I FTDC     [initandlisten] Initializing full-time diagnostic data capture with directory '/tmp/embedmongo-db-331805bd-87da-49a7-805b-0f4a75567285/diagnostic.data'
2020-01-08 04:23:16 [Thread-3] INFO  o.s.b.a.mongo.embedded.EmbeddedMongo -
				2020-01-08T04:23:16.259+0000 I NETWORK  [HostnameCanonicalizationWorker] Starting hostname canonicalization worker
2020-01-08 04:23:16 [Thread-3] INFO  o.s.b.a.mongo.embedded.EmbeddedMongo -
				2020-01-08T04:23:16.544+0000 I NETWORK  [initandlisten] waiting for connections on port 42499
2020-01-08 04:23:16 [main] INFO  d.f.embed.process.runtime.Executable -
				start de.flapdoodle.embed.mongo.config.MongodConfigBuilder$ImmutableMongodConfig@140d1230
2020-01-08 04:23:16 [main] INFO  org.mongodb.driver.cluster -
				Cluster created with settings {hosts=[localhost:42499], mode=MULTIPLE, requiredClusterType=UNKNOWN, serverSelectionTimeout='30000 ms', maxWaitQueueSize=500}
2020-01-08 04:23:16 [main] INFO  org.mongodb.driver.cluster -
				Adding discovered server localhost:42499 to client view of cluster
2020-01-08 04:23:17 [Thread-3] INFO  o.s.b.a.mongo.embedded.EmbeddedMongo -
				2020-01-08T04:23:17.004+0000 I NETWORK  [initandlisten] connection accepted from 127.0.0.1:47508 #1 (1 connection now open)
2020-01-08 04:23:17 [cluster-ClusterId{value='5e1559343960271548c96f1d', description='null'}-localhost:42499] INFO  org.mongodb.driver.connection -
				Opened connection [connectionId{localValue:1, serverValue:1}] to localhost:42499
2020-01-08 04:23:17 [cluster-ClusterId{value='5e1559343960271548c96f1d', description='null'}-localhost:42499] INFO  org.mongodb.driver.cluster -
				Monitor thread successfully connected to server with description ServerDescription{address=localhost:42499, type=STANDALONE, state=CONNECTED, ok=true, version=ServerVersion{versionList=[3, 2, 2]}, minWireVersion=0, maxWireVersion=4, maxDocumentSize=16777216, logicalSessionTimeoutMinutes=null, roundTripTimeNanos=870883}
2020-01-08 04:23:17 [cluster-ClusterId{value='5e1559343960271548c96f1d', description='null'}-localhost:42499] INFO  org.mongodb.driver.cluster -
				Discovered cluster type of STANDALONE
2020-01-08 04:23:17 [main] INFO  o.s.w.s.m.m.a.RequestMappingHandlerMapping -
				Mapped "{[/api/v1/reminder/{id}],methods=[GET]}" onto public org.springframework.http.ResponseEntity<?> com.stackroute.keepnote.controller.ReminderController.getById(java.lang.String)
2020-01-08 04:23:17 [main] INFO  o.s.w.s.m.m.a.RequestMappingHandlerMapping -
				Mapped "{[/api/v1/reminder],methods=[GET]}" onto public org.springframework.http.ResponseEntity<?> com.stackroute.keepnote.controller.ReminderController.get()
2020-01-08 04:23:17 [main] INFO  o.s.w.s.m.m.a.RequestMappingHandlerMapping -
				Mapped "{[/api/v1/reminder/{id}],methods=[PUT]}" onto public org.springframework.http.ResponseEntity<?> com.stackroute.keepnote.controller.ReminderController.update(com.stackroute.keepnote.model.Reminder,java.lang.String)
2020-01-08 04:23:17 [main] INFO  o.s.w.s.m.m.a.RequestMappingHandlerMapping -
				Mapped "{[/api/v1/reminder/{id}],methods=[DELETE]}" onto public org.springframework.http.ResponseEntity<?> com.stackroute.keepnote.controller.ReminderController.delete(java.lang.String)
2020-01-08 04:23:17 [main] INFO  o.s.w.s.m.m.a.RequestMappingHandlerMapping -
				Mapped "{[/api/v1/reminder],methods=[POST]}" onto public org.springframework.http.ResponseEntity<?> com.stackroute.keepnote.controller.ReminderController.create(com.stackroute.keepnote.model.Reminder)
2020-01-08 04:23:17 [main] INFO  o.s.w.s.m.m.a.RequestMappingHandlerMapping -
				Mapped "{[/swagger-resources/configuration/ui]}" onto public org.springframework.http.ResponseEntity<springfox.documentation.swagger.web.UiConfiguration> springfox.documentation.swagger.web.ApiResourceController.uiConfiguration()
2020-01-08 04:23:17 [main] INFO  o.s.w.s.m.m.a.RequestMappingHandlerMapping -
				Mapped "{[/swagger-resources]}" onto public org.springframework.http.ResponseEntity<java.util.List<springfox.documentation.swagger.web.SwaggerResource>> springfox.documentation.swagger.web.ApiResourceController.swaggerResources()
2020-01-08 04:23:17 [main] INFO  o.s.w.s.m.m.a.RequestMappingHandlerMapping -
				Mapped "{[/swagger-resources/configuration/security]}" onto public org.springframework.http.ResponseEntity<springfox.documentation.swagger.web.SecurityConfiguration> springfox.documentation.swagger.web.ApiResourceController.securityConfiguration()
2020-01-08 04:23:18 [main] INFO  o.s.w.s.m.m.a.RequestMappingHandlerMapping -
				Mapped "{[/error],produces=[text/html]}" onto public org.springframework.web.servlet.ModelAndView org.springframework.boot.autoconfigure.web.servlet.error.BasicErrorController.errorHtml(javax.servlet.http.HttpServletRequest,javax.servlet.http.HttpServletResponse)
2020-01-08 04:23:18 [main] INFO  o.s.w.s.m.m.a.RequestMappingHandlerMapping -
				Mapped "{[/error]}" onto public org.springframework.http.ResponseEntity<java.util.Map<java.lang.String, java.lang.Object>> org.springframework.boot.autoconfigure.web.servlet.error.BasicErrorController.error(javax.servlet.http.HttpServletRequest)
2020-01-08 04:23:18 [main] INFO  s.d.s.w.PropertySourcedRequestMappingHandlerMapping -
				Mapped URL path [/v2/api-docs] onto method [public org.springframework.http.ResponseEntity<springfox.documentation.spring.web.json.Json> springfox.documentation.swagger2.web.Swagger2Controller.getDocumentation(java.lang.String,javax.servlet.http.HttpServletRequest)]
2020-01-08 04:23:18 [main] INFO  o.s.w.s.h.SimpleUrlHandlerMapping -
				Mapped URL path [/**/favicon.ico] onto handler of type [class org.springframework.web.servlet.resource.ResourceHttpRequestHandler]
2020-01-08 04:23:18 [main] INFO  o.s.w.s.m.m.a.RequestMappingHandlerAdapter -
				Looking for @ControllerAdvice: org.springframework.web.context.support.GenericWebApplicationContext@4d6025c5: startup date [Wed Jan 08 04:23:13 UTC 2020]; root of context hierarchy
2020-01-08 04:23:18 [main] INFO  o.s.w.s.h.SimpleUrlHandlerMapping -
				Mapped URL path [/webjars/**] onto handler of type [class org.springframework.web.servlet.resource.ResourceHttpRequestHandler]
2020-01-08 04:23:18 [main] INFO  o.s.w.s.h.SimpleUrlHandlerMapping -
				Mapped URL path [/**] onto handler of type [class org.springframework.web.servlet.resource.ResourceHttpRequestHandler]
2020-01-08 04:23:19 [main] INFO  o.s.c.s.DefaultLifecycleProcessor -
				Starting beans in phase 2147483647
2020-01-08 04:23:19 [main] INFO  s.d.s.w.p.DocumentationPluginsBootstrapper -
				Context refreshed
2020-01-08 04:23:19 [main] INFO  s.d.s.w.p.DocumentationPluginsBootstrapper -
				Found 1 custom documentation plugin(s)
2020-01-08 04:23:19 [main] INFO  s.d.s.w.s.ApiListingReferenceScanner -
				Scanning for api listing references
2020-01-08 04:23:19 [main] INFO  c.s.keepnote.test.log.LoggerTest -
				Started LoggerTest in 6.281 seconds (JVM running for 7.629)
2020-01-08 04:23:19 [main] INFO  c.s.k.t.c.ReminderControllerTest -
				Starting ReminderControllerTest on ip-172-31-95-30 with PID 5448 (started by ubuntu in /home/ubuntu/Desktop/backend/KeepNote-Step6-Boilerplate/ReminderService)
2020-01-08 04:23:19 [main] INFO  c.s.k.t.c.ReminderControllerTest -
				No active profile set, falling back to default profiles: default
2020-01-08 04:23:19 [main] INFO  o.s.w.c.s.GenericWebApplicationContext -
				Refreshing org.springframework.web.context.support.GenericWebApplicationContext@40d848f9: startup date [Wed Jan 08 04:23:19 UTC 2020]; root of context hierarchy
2020-01-08 04:23:20 [main] INFO  o.s.w.s.h.SimpleUrlHandlerMapping -
				Mapped URL path [/**/favicon.ico] onto handler of type [class org.springframework.web.servlet.resource.ResourceHttpRequestHandler]
2020-01-08 04:23:20 [main] INFO  o.s.w.s.m.m.a.RequestMappingHandlerAdapter -
				Looking for @ControllerAdvice: org.springframework.web.context.support.GenericWebApplicationContext@40d848f9: startup date [Wed Jan 08 04:23:19 UTC 2020]; root of context hierarchy
2020-01-08 04:23:20 [main] INFO  o.s.w.s.m.m.a.RequestMappingHandlerMapping -
				Mapped "{[/api/v1/reminder/{id}],methods=[GET]}" onto public org.springframework.http.ResponseEntity<?> com.stackroute.keepnote.controller.ReminderController.getById(java.lang.String)
2020-01-08 04:23:20 [main] INFO  o.s.w.s.m.m.a.RequestMappingHandlerMapping -
				Mapped "{[/api/v1/reminder],methods=[GET]}" onto public org.springframework.http.ResponseEntity<?> com.stackroute.keepnote.controller.ReminderController.get()
2020-01-08 04:23:20 [main] INFO  o.s.w.s.m.m.a.RequestMappingHandlerMapping -
				Mapped "{[/api/v1/reminder/{id}],methods=[PUT]}" onto public org.springframework.http.ResponseEntity<?> com.stackroute.keepnote.controller.ReminderController.update(com.stackroute.keepnote.model.Reminder,java.lang.String)
2020-01-08 04:23:20 [main] INFO  o.s.w.s.m.m.a.RequestMappingHandlerMapping -
				Mapped "{[/api/v1/reminder/{id}],methods=[DELETE]}" onto public org.springframework.http.ResponseEntity<?> com.stackroute.keepnote.controller.ReminderController.delete(java.lang.String)
2020-01-08 04:23:20 [main] INFO  o.s.w.s.m.m.a.RequestMappingHandlerMapping -
				Mapped "{[/api/v1/reminder],methods=[POST]}" onto public org.springframework.http.ResponseEntity<?> com.stackroute.keepnote.controller.ReminderController.create(com.stackroute.keepnote.model.Reminder)
2020-01-08 04:23:20 [main] INFO  o.s.w.s.m.m.a.RequestMappingHandlerMapping -
				Mapped "{[/error],produces=[text/html]}" onto public org.springframework.web.servlet.ModelAndView org.springframework.boot.autoconfigure.web.servlet.error.BasicErrorController.errorHtml(javax.servlet.http.HttpServletRequest,javax.servlet.http.HttpServletResponse)
2020-01-08 04:23:20 [main] INFO  o.s.w.s.m.m.a.RequestMappingHandlerMapping -
				Mapped "{[/error]}" onto public org.springframework.http.ResponseEntity<java.util.Map<java.lang.String, java.lang.Object>> org.springframework.boot.autoconfigure.web.servlet.error.BasicErrorController.error(javax.servlet.http.HttpServletRequest)
2020-01-08 04:23:20 [main] INFO  o.s.w.s.h.SimpleUrlHandlerMapping -
				Mapped URL path [/webjars/**] onto handler of type [class org.springframework.web.servlet.resource.ResourceHttpRequestHandler]
2020-01-08 04:23:20 [main] INFO  o.s.w.s.h.SimpleUrlHandlerMapping -
				Mapped URL path [/**] onto handler of type [class org.springframework.web.servlet.resource.ResourceHttpRequestHandler]
2020-01-08 04:23:20 [main] INFO  o.s.b.t.m.w.SpringBootMockServletContext -
				Initializing Spring FrameworkServlet ''
2020-01-08 04:23:20 [main] INFO  o.s.t.w.s.TestDispatcherServlet -
				FrameworkServlet '': initialization started
2020-01-08 04:23:20 [main] INFO  o.s.t.w.s.TestDispatcherServlet -
				FrameworkServlet '': initialization completed in 17 ms
2020-01-08 04:23:20 [main] INFO  c.s.k.t.c.ReminderControllerTest -
				Started ReminderControllerTest in 1.032 seconds (JVM running for 8.781)
2020-01-08 04:23:20 [main] INFO  o.s.w.s.m.m.a.RequestMappingHandlerMapping -
				Mapped "{[/api/v1/reminder/{id}],methods=[GET]}" onto public org.springframework.http.ResponseEntity<?> com.stackroute.keepnote.controller.ReminderController.getById(java.lang.String)
2020-01-08 04:23:20 [main] INFO  o.s.w.s.m.m.a.RequestMappingHandlerMapping -
				Mapped "{[/api/v1/reminder],methods=[GET]}" onto public org.springframework.http.ResponseEntity<?> com.stackroute.keepnote.controller.ReminderController.get()
2020-01-08 04:23:20 [main] INFO  o.s.w.s.m.m.a.RequestMappingHandlerMapping -
				Mapped "{[/api/v1/reminder/{id}],methods=[PUT]}" onto public org.springframework.http.ResponseEntity<?> com.stackroute.keepnote.controller.ReminderController.update(com.stackroute.keepnote.model.Reminder,java.lang.String)
2020-01-08 04:23:20 [main] INFO  o.s.w.s.m.m.a.RequestMappingHandlerMapping -
				Mapped "{[/api/v1/reminder/{id}],methods=[DELETE]}" onto public org.springframework.http.ResponseEntity<?> com.stackroute.keepnote.controller.ReminderController.delete(java.lang.String)
2020-01-08 04:23:20 [main] INFO  o.s.w.s.m.m.a.RequestMappingHandlerMapping -
				Mapped "{[/api/v1/reminder],methods=[POST]}" onto public org.springframework.http.ResponseEntity<?> com.stackroute.keepnote.controller.ReminderController.create(com.stackroute.keepnote.model.Reminder)
2020-01-08 04:23:20 [main] INFO  o.s.w.s.m.m.a.RequestMappingHandlerAdapter -
				Looking for @ControllerAdvice: org.springframework.test.web.servlet.setup.StubWebApplicationContext@fe42a09
2020-01-08 04:23:20 [main] INFO  o.s.mock.web.MockServletContext -
				Initializing Spring FrameworkServlet ''
2020-01-08 04:23:20 [main] INFO  o.s.t.w.s.TestDispatcherServlet -
				FrameworkServlet '': initialization started
2020-01-08 04:23:20 [main] INFO  o.s.t.w.s.TestDispatcherServlet -
				FrameworkServlet '': initialization completed in 0 ms
2020-01-08 04:23:20 [main] INFO  o.s.w.s.m.m.a.RequestMappingHandlerMapping -
				Mapped "{[/api/v1/reminder/{id}],methods=[GET]}" onto public org.springframework.http.ResponseEntity<?> com.stackroute.keepnote.controller.ReminderController.getById(java.lang.String)
2020-01-08 04:23:20 [main] INFO  o.s.w.s.m.m.a.RequestMappingHandlerMapping -
				Mapped "{[/api/v1/reminder],methods=[GET]}" onto public org.springframework.http.ResponseEntity<?> com.stackroute.keepnote.controller.ReminderController.get()
2020-01-08 04:23:20 [main] INFO  o.s.w.s.m.m.a.RequestMappingHandlerMapping -
				Mapped "{[/api/v1/reminder/{id}],methods=[PUT]}" onto public org.springframework.http.ResponseEntity<?> com.stackroute.keepnote.controller.ReminderController.update(com.stackroute.keepnote.model.Reminder,java.lang.String)
2020-01-08 04:23:20 [main] INFO  o.s.w.s.m.m.a.RequestMappingHandlerMapping -
				Mapped "{[/api/v1/reminder/{id}],methods=[DELETE]}" onto public org.springframework.http.ResponseEntity<?> com.stackroute.keepnote.controller.ReminderController.delete(java.lang.String)
2020-01-08 04:23:20 [main] INFO  o.s.w.s.m.m.a.RequestMappingHandlerMapping -
				Mapped "{[/api/v1/reminder],methods=[POST]}" onto public org.springframework.http.ResponseEntity<?> com.stackroute.keepnote.controller.ReminderController.create(com.stackroute.keepnote.model.Reminder)
2020-01-08 04:23:20 [main] INFO  o.s.w.s.m.m.a.RequestMappingHandlerAdapter -
				Looking for @ControllerAdvice: org.springframework.test.web.servlet.setup.StubWebApplicationContext@49631cfb
2020-01-08 04:23:20 [main] INFO  o.s.mock.web.MockServletContext -
				Initializing Spring FrameworkServlet ''
2020-01-08 04:23:20 [main] INFO  o.s.t.w.s.TestDispatcherServlet -
				FrameworkServlet '': initialization started
2020-01-08 04:23:20 [main] INFO  o.s.t.w.s.TestDispatcherServlet -
				FrameworkServlet '': initialization completed in 0 ms
2020-01-08 04:23:20 [main] INFO  o.s.w.s.m.m.a.RequestMappingHandlerMapping -
				Mapped "{[/api/v1/reminder/{id}],methods=[GET]}" onto public org.springframework.http.ResponseEntity<?> com.stackroute.keepnote.controller.ReminderController.getById(java.lang.String)
2020-01-08 04:23:20 [main] INFO  o.s.w.s.m.m.a.RequestMappingHandlerMapping -
				Mapped "{[/api/v1/reminder],methods=[GET]}" onto public org.springframework.http.ResponseEntity<?> com.stackroute.keepnote.controller.ReminderController.get()
2020-01-08 04:23:20 [main] INFO  o.s.w.s.m.m.a.RequestMappingHandlerMapping -
				Mapped "{[/api/v1/reminder/{id}],methods=[PUT]}" onto public org.springframework.http.ResponseEntity<?> com.stackroute.keepnote.controller.ReminderController.update(com.stackroute.keepnote.model.Reminder,java.lang.String)
2020-01-08 04:23:20 [main] INFO  o.s.w.s.m.m.a.RequestMappingHandlerMapping -
				Mapped "{[/api/v1/reminder/{id}],methods=[DELETE]}" onto public org.springframework.http.ResponseEntity<?> com.stackroute.keepnote.controller.ReminderController.delete(java.lang.String)
2020-01-08 04:23:20 [main] INFO  o.s.w.s.m.m.a.RequestMappingHandlerMapping -
				Mapped "{[/api/v1/reminder],methods=[POST]}" onto public org.springframework.http.ResponseEntity<?> com.stackroute.keepnote.controller.ReminderController.create(com.stackroute.keepnote.model.Reminder)
2020-01-08 04:23:20 [main] INFO  o.s.w.s.m.m.a.RequestMappingHandlerAdapter -
				Looking for @ControllerAdvice: org.springframework.test.web.servlet.setup.StubWebApplicationContext@29090809
2020-01-08 04:23:20 [main] INFO  o.s.mock.web.MockServletContext -
				Initializing Spring FrameworkServlet ''
2020-01-08 04:23:20 [main] INFO  o.s.t.w.s.TestDispatcherServlet -
				FrameworkServlet '': initialization started
2020-01-08 04:23:20 [main] INFO  o.s.t.w.s.TestDispatcherServlet -
				FrameworkServlet '': initialization completed in 0 ms
2020-01-08 04:23:20 [main] INFO  o.s.w.s.m.m.a.RequestMappingHandlerMapping -
				Mapped "{[/api/v1/reminder/{id}],methods=[GET]}" onto public org.springframework.http.ResponseEntity<?> com.stackroute.keepnote.controller.ReminderController.getById(java.lang.String)
2020-01-08 04:23:20 [main] INFO  o.s.w.s.m.m.a.RequestMappingHandlerMapping -
				Mapped "{[/api/v1/reminder],methods=[GET]}" onto public org.springframework.http.ResponseEntity<?> com.stackroute.keepnote.controller.ReminderController.get()
2020-01-08 04:23:20 [main] INFO  o.s.w.s.m.m.a.RequestMappingHandlerMapping -
				Mapped "{[/api/v1/reminder/{id}],methods=[PUT]}" onto public org.springframework.http.ResponseEntity<?> com.stackroute.keepnote.controller.ReminderController.update(com.stackroute.keepnote.model.Reminder,java.lang.String)
2020-01-08 04:23:20 [main] INFO  o.s.w.s.m.m.a.RequestMappingHandlerMapping -
				Mapped "{[/api/v1/reminder/{id}],methods=[DELETE]}" onto public org.springframework.http.ResponseEntity<?> com.stackroute.keepnote.controller.ReminderController.delete(java.lang.String)
2020-01-08 04:23:20 [main] INFO  o.s.w.s.m.m.a.RequestMappingHandlerMapping -
				Mapped "{[/api/v1/reminder],methods=[POST]}" onto public org.springframework.http.ResponseEntity<?> com.stackroute.keepnote.controller.ReminderController.create(com.stackroute.keepnote.model.Reminder)
2020-01-08 04:23:20 [main] INFO  o.s.w.s.m.m.a.RequestMappingHandlerAdapter -
				Looking for @ControllerAdvice: org.springframework.test.web.servlet.setup.StubWebApplicationContext@25470477
2020-01-08 04:23:20 [main] INFO  o.s.mock.web.MockServletContext -
				Initializing Spring FrameworkServlet ''
2020-01-08 04:23:20 [main] INFO  o.s.t.w.s.TestDispatcherServlet -
				FrameworkServlet '': initialization started
2020-01-08 04:23:20 [main] INFO  o.s.t.w.s.TestDispatcherServlet -
				FrameworkServlet '': initialization completed in 1 ms
2020-01-08 04:23:20 [main] INFO  o.s.w.s.m.m.a.RequestMappingHandlerMapping -
				Mapped "{[/api/v1/reminder/{id}],methods=[GET]}" onto public org.springframework.http.ResponseEntity<?> com.stackroute.keepnote.controller.ReminderController.getById(java.lang.String)
2020-01-08 04:23:20 [main] INFO  o.s.w.s.m.m.a.RequestMappingHandlerMapping -
				Mapped "{[/api/v1/reminder],methods=[GET]}" onto public org.springframework.http.ResponseEntity<?> com.stackroute.keepnote.controller.ReminderController.get()
2020-01-08 04:23:20 [main] INFO  o.s.w.s.m.m.a.RequestMappingHandlerMapping -
				Mapped "{[/api/v1/reminder/{id}],methods=[PUT]}" onto public org.springframework.http.ResponseEntity<?> com.stackroute.keepnote.controller.ReminderController.update(com.stackroute.keepnote.model.Reminder,java.lang.String)
2020-01-08 04:23:20 [main] INFO  o.s.w.s.m.m.a.RequestMappingHandlerMapping -
				Mapped "{[/api/v1/reminder/{id}],methods=[DELETE]}" onto public org.springframework.http.ResponseEntity<?> com.stackroute.keepnote.controller.ReminderController.delete(java.lang.String)
2020-01-08 04:23:20 [main] INFO  o.s.w.s.m.m.a.RequestMappingHandlerMapping -
				Mapped "{[/api/v1/reminder],methods=[POST]}" onto public org.springframework.http.ResponseEntity<?> com.stackroute.keepnote.controller.ReminderController.create(com.stackroute.keepnote.model.Reminder)
2020-01-08 04:23:20 [main] INFO  o.s.w.s.m.m.a.RequestMappingHandlerAdapter -
				Looking for @ControllerAdvice: org.springframework.test.web.servlet.setup.StubWebApplicationContext@36f6d25c
2020-01-08 04:23:20 [main] INFO  o.s.mock.web.MockServletContext -
				Initializing Spring FrameworkServlet ''
2020-01-08 04:23:20 [main] INFO  o.s.t.w.s.TestDispatcherServlet -
				FrameworkServlet '': initialization started
2020-01-08 04:23:20 [main] INFO  o.s.t.w.s.TestDispatcherServlet -
				FrameworkServlet '': initialization completed in 1 ms
2020-01-08 04:23:20 [main] INFO  o.s.w.s.m.m.a.RequestMappingHandlerMapping -
				Mapped "{[/api/v1/reminder/{id}],methods=[GET]}" onto public org.springframework.http.ResponseEntity<?> com.stackroute.keepnote.controller.ReminderController.getById(java.lang.String)
2020-01-08 04:23:20 [main] INFO  o.s.w.s.m.m.a.RequestMappingHandlerMapping -
				Mapped "{[/api/v1/reminder],methods=[GET]}" onto public org.springframework.http.ResponseEntity<?> com.stackroute.keepnote.controller.ReminderController.get()
2020-01-08 04:23:20 [main] INFO  o.s.w.s.m.m.a.RequestMappingHandlerMapping -
				Mapped "{[/api/v1/reminder/{id}],methods=[PUT]}" onto public org.springframework.http.ResponseEntity<?> com.stackroute.keepnote.controller.ReminderController.update(com.stackroute.keepnote.model.Reminder,java.lang.String)
2020-01-08 04:23:20 [main] INFO  o.s.w.s.m.m.a.RequestMappingHandlerMapping -
				Mapped "{[/api/v1/reminder/{id}],methods=[DELETE]}" onto public org.springframework.http.ResponseEntity<?> com.stackroute.keepnote.controller.ReminderController.delete(java.lang.String)
2020-01-08 04:23:20 [main] INFO  o.s.w.s.m.m.a.RequestMappingHandlerMapping -
				Mapped "{[/api/v1/reminder],methods=[POST]}" onto public org.springframework.http.ResponseEntity<?> com.stackroute.keepnote.controller.ReminderController.create(com.stackroute.keepnote.model.Reminder)
2020-01-08 04:23:20 [main] INFO  o.s.w.s.m.m.a.RequestMappingHandlerAdapter -
				Looking for @ControllerAdvice: org.springframework.test.web.servlet.setup.StubWebApplicationContext@3973b6d4
2020-01-08 04:23:20 [main] INFO  o.s.mock.web.MockServletContext -
				Initializing Spring FrameworkServlet ''
2020-01-08 04:23:20 [main] INFO  o.s.t.w.s.TestDispatcherServlet -
				FrameworkServlet '': initialization started
2020-01-08 04:23:20 [main] INFO  o.s.t.w.s.TestDispatcherServlet -
				FrameworkServlet '': initialization completed in 0 ms
2020-01-08 04:23:20 [main] INFO  o.s.w.s.m.m.a.RequestMappingHandlerMapping -
				Mapped "{[/api/v1/reminder/{id}],methods=[GET]}" onto public org.springframework.http.ResponseEntity<?> com.stackroute.keepnote.controller.ReminderController.getById(java.lang.String)
2020-01-08 04:23:20 [main] INFO  o.s.w.s.m.m.a.RequestMappingHandlerMapping -
				Mapped "{[/api/v1/reminder],methods=[GET]}" onto public org.springframework.http.ResponseEntity<?> com.stackroute.keepnote.controller.ReminderController.get()
2020-01-08 04:23:20 [main] INFO  o.s.w.s.m.m.a.RequestMappingHandlerMapping -
				Mapped "{[/api/v1/reminder/{id}],methods=[PUT]}" onto public org.springframework.http.ResponseEntity<?> com.stackroute.keepnote.controller.ReminderController.update(com.stackroute.keepnote.model.Reminder,java.lang.String)
2020-01-08 04:23:20 [main] INFO  o.s.w.s.m.m.a.RequestMappingHandlerMapping -
				Mapped "{[/api/v1/reminder/{id}],methods=[DELETE]}" onto public org.springframework.http.ResponseEntity<?> com.stackroute.keepnote.controller.ReminderController.delete(java.lang.String)
2020-01-08 04:23:20 [main] INFO  o.s.w.s.m.m.a.RequestMappingHandlerMapping -
				Mapped "{[/api/v1/reminder],methods=[POST]}" onto public org.springframework.http.ResponseEntity<?> com.stackroute.keepnote.controller.ReminderController.create(com.stackroute.keepnote.model.Reminder)
2020-01-08 04:23:20 [main] INFO  o.s.w.s.m.m.a.RequestMappingHandlerAdapter -
				Looking for @ControllerAdvice: org.springframework.test.web.servlet.setup.StubWebApplicationContext@4ad896f7
2020-01-08 04:23:20 [main] INFO  o.s.mock.web.MockServletContext -
				Initializing Spring FrameworkServlet ''
2020-01-08 04:23:20 [main] INFO  o.s.t.w.s.TestDispatcherServlet -
				FrameworkServlet '': initialization started
2020-01-08 04:23:20 [main] INFO  o.s.t.w.s.TestDispatcherServlet -
				FrameworkServlet '': initialization completed in 0 ms
2020-01-08 04:23:20 [main] INFO  o.s.w.s.m.m.a.RequestMappingHandlerMapping -
				Mapped "{[/api/v1/reminder/{id}],methods=[GET]}" onto public org.springframework.http.ResponseEntity<?> com.stackroute.keepnote.controller.ReminderController.getById(java.lang.String)
2020-01-08 04:23:20 [main] INFO  o.s.w.s.m.m.a.RequestMappingHandlerMapping -
				Mapped "{[/api/v1/reminder],methods=[GET]}" onto public org.springframework.http.ResponseEntity<?> com.stackroute.keepnote.controller.ReminderController.get()
2020-01-08 04:23:20 [main] INFO  o.s.w.s.m.m.a.RequestMappingHandlerMapping -
				Mapped "{[/api/v1/reminder/{id}],methods=[PUT]}" onto public org.springframework.http.ResponseEntity<?> com.stackroute.keepnote.controller.ReminderController.update(com.stackroute.keepnote.model.Reminder,java.lang.String)
2020-01-08 04:23:20 [main] INFO  o.s.w.s.m.m.a.RequestMappingHandlerMapping -
				Mapped "{[/api/v1/reminder/{id}],methods=[DELETE]}" onto public org.springframework.http.ResponseEntity<?> com.stackroute.keepnote.controller.ReminderController.delete(java.lang.String)
2020-01-08 04:23:20 [main] INFO  o.s.w.s.m.m.a.RequestMappingHandlerMapping -
				Mapped "{[/api/v1/reminder],methods=[POST]}" onto public org.springframework.http.ResponseEntity<?> com.stackroute.keepnote.controller.ReminderController.create(com.stackroute.keepnote.model.Reminder)
2020-01-08 04:23:20 [main] INFO  o.s.w.s.m.m.a.RequestMappingHandlerAdapter -
				Looking for @ControllerAdvice: org.springframework.test.web.servlet.setup.StubWebApplicationContext@55044b34
2020-01-08 04:23:20 [main] INFO  o.s.mock.web.MockServletContext -
				Initializing Spring FrameworkServlet ''
2020-01-08 04:23:20 [main] INFO  o.s.t.w.s.TestDispatcherServlet -
				FrameworkServlet '': initialization started
2020-01-08 04:23:20 [main] INFO  o.s.t.w.s.TestDispatcherServlet -
				FrameworkServlet '': initialization completed in 0 ms
2020-01-08 04:23:20 [main] INFO  o.s.w.s.m.m.a.RequestMappingHandlerMapping -
				Mapped "{[/api/v1/reminder/{id}],methods=[GET]}" onto public org.springframework.http.ResponseEntity<?> com.stackroute.keepnote.controller.ReminderController.getById(java.lang.String)
2020-01-08 04:23:20 [main] INFO  o.s.w.s.m.m.a.RequestMappingHandlerMapping -
				Mapped "{[/api/v1/reminder],methods=[GET]}" onto public org.springframework.http.ResponseEntity<?> com.stackroute.keepnote.controller.ReminderController.get()
2020-01-08 04:23:20 [main] INFO  o.s.w.s.m.m.a.RequestMappingHandlerMapping -
				Mapped "{[/api/v1/reminder/{id}],methods=[PUT]}" onto public org.springframework.http.ResponseEntity<?> com.stackroute.keepnote.controller.ReminderController.update(com.stackroute.keepnote.model.Reminder,java.lang.String)
2020-01-08 04:23:20 [main] INFO  o.s.w.s.m.m.a.RequestMappingHandlerMapping -
				Mapped "{[/api/v1/reminder/{id}],methods=[DELETE]}" onto public org.springframework.http.ResponseEntity<?> com.stackroute.keepnote.controller.ReminderController.delete(java.lang.String)
2020-01-08 04:23:20 [main] INFO  o.s.w.s.m.m.a.RequestMappingHandlerMapping -
				Mapped "{[/api/v1/reminder],methods=[POST]}" onto public org.springframework.http.ResponseEntity<?> com.stackroute.keepnote.controller.ReminderController.create(com.stackroute.keepnote.model.Reminder)
2020-01-08 04:23:20 [main] INFO  o.s.w.s.m.m.a.RequestMappingHandlerAdapter -
				Looking for @ControllerAdvice: org.springframework.test.web.servlet.setup.StubWebApplicationContext@7de5871d
2020-01-08 04:23:20 [main] INFO  o.s.mock.web.MockServletContext -
				Initializing Spring FrameworkServlet ''
2020-01-08 04:23:20 [main] INFO  o.s.t.w.s.TestDispatcherServlet -
				FrameworkServlet '': initialization started
2020-01-08 04:23:20 [main] INFO  o.s.t.w.s.TestDispatcherServlet -
				FrameworkServlet '': initialization completed in 0 ms
2020-01-08 04:23:21 [main] INFO  c.s.k.t.r.ReminderRepositoryTest -
				Starting ReminderRepositoryTest on ip-172-31-95-30 with PID 5448 (started by ubuntu in /home/ubuntu/Desktop/backend/KeepNote-Step6-Boilerplate/ReminderService)
2020-01-08 04:23:21 [main] INFO  c.s.k.t.r.ReminderRepositoryTest -
				No active profile set, falling back to default profiles: default
2020-01-08 04:23:21 [main] INFO  o.s.c.a.AnnotationConfigApplicationContext -
				Refreshing org.springframework.context.annotation.AnnotationConfigApplicationContext@2b35c7aa: startup date [Wed Jan 08 04:23:21 UTC 2020]; root of context hierarchy
2020-01-08 04:23:21 [Thread-10] INFO  o.s.b.a.mongo.embedded.EmbeddedMongo -
				note: noprealloc may hurt performance in many applications
2020-01-08 04:23:21 [Thread-10] INFO  o.s.b.a.mongo.embedded.EmbeddedMongo -
				2020-01-08T04:23:21.332+0000 I CONTROL  [initandlisten] MongoDB starting : pid=5491 port=39911 dbpath=/tmp/embedmongo-db-64ff7e9d-cd0c-422f-9e4c-5e66db294af8 64-bit host=ip-172-31-95-30
2020-01-08 04:23:21 [Thread-10] INFO  o.s.b.a.mongo.embedded.EmbeddedMongo -
				2020-01-08T04:23:21.332+0000 I CONTROL  [initandlisten] db version v3.2.2
2020-01-08 04:23:21 [Thread-10] INFO  o.s.b.a.mongo.embedded.EmbeddedMongo -
				2020-01-08T04:23:21.332+0000 I CONTROL  [initandlisten] git version: 6e71d0d568e134c029203593b00a0103e7cdf30b
2020-01-08 04:23:21 [Thread-10] INFO  o.s.b.a.mongo.embedded.EmbeddedMongo -
				2020-01-08T04:23:21.332+0000 I CONTROL  [initandlisten] allocator: tcmalloc
2020-01-08 04:23:21 [Thread-10] INFO  o.s.b.a.mongo.embedded.EmbeddedMongo -
				2020-01-08T04:23:21.332+0000 I CONTROL  [initandlisten] modules: none
2020-01-08 04:23:21 [Thread-10] INFO  o.s.b.a.mongo.embedded.EmbeddedMongo -
				2020-01-08T04:23:21.332+0000 I CONTROL  [initandlisten] build environment:
2020-01-08 04:23:21 [Thread-10] INFO  o.s.b.a.mongo.embedded.EmbeddedMongo -
				2020-01-08T04:23:21.332+0000 I CONTROL  [initandlisten]     distarch: x86_64
2020-01-08 04:23:21 [Thread-10] INFO  o.s.b.a.mongo.embedded.EmbeddedMongo -
				2020-01-08T04:23:21.332+0000 I CONTROL  [initandlisten]     target_arch: x86_64
2020-01-08 04:23:21 [Thread-10] INFO  o.s.b.a.mongo.embedded.EmbeddedMongo -
				2020-01-08T04:23:21.333+0000 I CONTROL  [initandlisten] options: { net: { bindIp: "127.0.0.1", http: { enabled: false }, port: 39911 }, security: { authorization: "disabled" }, storage: { dbPath: "/tmp/embedmongo-db-64ff7e9d-cd0c-422f-9e4c-5e66db294af8", journal: { enabled: false }, mmapv1: { preallocDataFiles: false, smallFiles: true }, syncPeriodSecs: 0.0 } }
2020-01-08 04:23:21 [Thread-10] INFO  o.s.b.a.mongo.embedded.EmbeddedMongo -
				2020-01-08T04:23:21.359+0000 I STORAGE  [initandlisten] wiredtiger_open config: create,cache_size=4G,session_max=20000,eviction=(threads_max=4),config_base=false,statistics=(fast),log=(enabled=true,archive=true,path=journal,compressor=snappy),file_manager=(close_idle_time=100000),checkpoint=(wait=0,log_size=2GB),statistics_log=(wait=0),,log=(enabled=false),
2020-01-08 04:23:21 [Thread-10] INFO  o.s.b.a.mongo.embedded.EmbeddedMongo -
				2020-01-08T04:23:21.429+0000 W STORAGE  [initandlisten] Detected configuration for non-active storage engine mmapv1 when current storage engine is wiredTiger
2020-01-08 04:23:21 [Thread-10] INFO  o.s.b.a.mongo.embedded.EmbeddedMongo -
				2020-01-08T04:23:21.429+0000 I FTDC     [initandlisten] Initializing full-time diagnostic data capture with directory '/tmp/embedmongo-db-64ff7e9d-cd0c-422f-9e4c-5e66db294af8/diagnostic.data'
2020-01-08 04:23:21 [Thread-10] INFO  o.s.b.a.mongo.embedded.EmbeddedMongo -
				2020-01-08T04:23:21.430+0000 I NETWORK  [HostnameCanonicalizationWorker] Starting hostname canonicalization worker
2020-01-08 04:23:21 [Thread-10] INFO  o.s.b.a.mongo.embedded.EmbeddedMongo -
				2020-01-08T04:23:21.447+0000 I NETWORK  [initandlisten] waiting for connections on port 39911
2020-01-08 04:23:21 [main] INFO  d.f.embed.process.runtime.Executable -
				start de.flapdoodle.embed.mongo.config.MongodConfigBuilder$ImmutableMongodConfig@ac4e690
2020-01-08 04:23:21 [main] INFO  org.mongodb.driver.cluster -
				Cluster created with settings {hosts=[localhost:39911], mode=MULTIPLE, requiredClusterType=UNKNOWN, serverSelectionTimeout='30000 ms', maxWaitQueueSize=500}
2020-01-08 04:23:21 [main] INFO  org.mongodb.driver.cluster -
				Adding discovered server localhost:39911 to client view of cluster
2020-01-08 04:23:21 [Thread-10] INFO  o.s.b.a.mongo.embedded.EmbeddedMongo -
				2020-01-08T04:23:21.455+0000 I NETWORK  [initandlisten] connection accepted from 127.0.0.1:42242 #1 (1 connection now open)
2020-01-08 04:23:21 [cluster-ClusterId{value='5e1559393960271548c96f1e', description='null'}-localhost:39911] INFO  org.mongodb.driver.connection -
				Opened connection [connectionId{localValue:2, serverValue:1}] to localhost:39911
2020-01-08 04:23:21 [cluster-ClusterId{value='5e1559393960271548c96f1e', description='null'}-localhost:39911] INFO  org.mongodb.driver.cluster -
				Monitor thread successfully connected to server with description ServerDescription{address=localhost:39911, type=STANDALONE, state=CONNECTED, ok=true, version=ServerVersion{versionList=[3, 2, 2]}, minWireVersion=0, maxWireVersion=4, maxDocumentSize=16777216, logicalSessionTimeoutMinutes=null, roundTripTimeNanos=487963}
2020-01-08 04:23:21 [cluster-ClusterId{value='5e1559393960271548c96f1e', description='null'}-localhost:39911] INFO  org.mongodb.driver.cluster -
				Discovered cluster type of STANDALONE
2020-01-08 04:23:21 [main] INFO  c.s.k.t.r.ReminderRepositoryTest -
				Started ReminderRepositoryTest in 0.445 seconds (JVM running for 9.846)
2020-01-08 04:23:21 [Thread-10] INFO  o.s.b.a.mongo.embedded.EmbeddedMongo -
				2020-01-08T04:23:21.575+0000 I NETWORK  [initandlisten] connection accepted from 127.0.0.1:42244 #2 (2 connections now open)
2020-01-08 04:23:21 [main] INFO  org.mongodb.driver.connection -
				Opened connection [connectionId{localValue:3, serverValue:2}] to localhost:39911
2020-01-08 04:23:21 [Thread-12] INFO  o.s.c.a.AnnotationConfigApplicationContext -
				Closing org.springframework.context.annotation.AnnotationConfigApplicationContext@2b35c7aa: startup date [Wed Jan 08 04:23:21 UTC 2020]; root of context hierarchy
2020-01-08 04:23:21 [Thread-7] INFO  o.s.w.c.s.GenericWebApplicationContext -
				Closing org.springframework.web.context.support.GenericWebApplicationContext@40d848f9: startup date [Wed Jan 08 04:23:19 UTC 2020]; root of context hierarchy
2020-01-08 04:23:21 [Thread-5] INFO  o.s.w.c.s.GenericWebApplicationContext -
				Closing org.springframework.web.context.support.GenericWebApplicationContext@4d6025c5: startup date [Wed Jan 08 04:23:13 UTC 2020]; root of context hierarchy
2020-01-08 04:23:21 [Thread-3] INFO  o.s.b.a.mongo.embedded.EmbeddedMongo -
				2020-01-08T04:23:21.734+0000 I NETWORK  [initandlisten] connection accepted from 127.0.0.1:47514 #2 (2 connections now open)
2020-01-08 04:23:21 [Thread-3] INFO  o.s.b.a.mongo.embedded.EmbeddedMongo -
				2020-01-08T04:23:21.739+0000 I COMMAND  [conn2] terminating, shutdown command received
2020-01-08 04:23:21 [Thread-10] INFO  o.s.b.a.mongo.embedded.EmbeddedMongo -
				2020-01-08T04:23:21.739+0000 I NETWORK  [initandlisten] connection accepted from 127.0.0.1:42248 #3 (3 connections now open)
2020-01-08 04:23:21 [Thread-3] INFO  o.s.b.a.mongo.embedded.EmbeddedMongo -
				2020-01-08T04:23:21.739+0000 I FTDC     [conn2] Shutting down full-time diagnostic data capture
2020-01-08 04:23:21 [Thread-3] INFO  o.s.b.a.mongo.embedded.EmbeddedMongo -
				2020-01-08T04:23:21.745+0000 I CONTROL  [conn2] now exiting
2020-01-08 04:23:21 [Thread-3] INFO  o.s.b.a.mongo.embedded.EmbeddedMongo -
				2020-01-08T04:23:21.745+0000 I NETWORK  [conn2] shutdown: going to close listening sockets...
2020-01-08 04:23:21 [Thread-3] INFO  o.s.b.a.mongo.embedded.EmbeddedMongo -
				2020-01-08T04:23:21.745+0000 I NETWORK  [conn2] closing listening socket: 5
2020-01-08 04:23:21 [Thread-3] INFO  o.s.b.a.mongo.embedded.EmbeddedMongo -
				2020-01-08T04:23:21.745+0000 I NETWORK  [conn2] closing listening socket: 6
2020-01-08 04:23:21 [Thread-3] INFO  o.s.b.a.mongo.embedded.EmbeddedMongo -
				2020-01-08T04:23:21.746+0000 I NETWORK  [conn2] removing socket file: /tmp/mongodb-42499.sock
2020-01-08 04:23:21 [Thread-12] INFO  org.mongodb.driver.connection -
				Closed connection [connectionId{localValue:3, serverValue:2}] to localhost:39911 because the pool has been closed.
2020-01-08 04:23:21 [Thread-3] INFO  o.s.b.a.mongo.embedded.EmbeddedMongo -
				2020-01-08T04:23:21.747+0000 I NETWORK  [conn2] shutdown: going to flush diaglog...
2020-01-08 04:23:21 [Thread-10] INFO  o.s.b.a.mongo.embedded.EmbeddedMongo -
				2020-01-08T04:23:21.747+0000 I COMMAND  [conn3] terminating, shutdown command received
2020-01-08 04:23:21 [Thread-3] INFO  o.s.b.a.mongo.embedded.EmbeddedMongo -
				2020-01-08T04:23:21.747+0000 I NETWORK  [conn2] shutdown: going to close sockets...
2020-01-08 04:23:21 [Thread-10] INFO  o.s.b.a.mongo.embedded.EmbeddedMongo -
				2020-01-08T04:23:21.747+0000 I FTDC     [conn3] Shutting down full-time diagnostic data capture
2020-01-08 04:23:21 [Thread-10] INFO  o.s.b.a.mongo.embedded.EmbeddedMongo -
				2020-01-08T04:23:21.747+0000 I CONTROL  [conn3] now exiting
2020-01-08 04:23:21 [Thread-3] INFO  o.s.b.a.mongo.embedded.EmbeddedMongo -
				2020-01-08T04:23:21.747+0000 I STORAGE  [conn2] WiredTigerKVEngine shutting down
2020-01-08 04:23:21 [Thread-10] INFO  o.s.b.a.mongo.embedded.EmbeddedMongo -
				2020-01-08T04:23:21.747+0000 I NETWORK  [conn3] shutdown: going to close listening sockets...
2020-01-08 04:23:21 [Thread-3] INFO  o.s.b.a.mongo.embedded.EmbeddedMongo -
				2020-01-08T04:23:21.750+0000 I NETWORK  [conn1] end connection 127.0.0.1:47508 (1 connection now open)
2020-01-08 04:23:21 [Thread-10] INFO  o.s.b.a.mongo.embedded.EmbeddedMongo -
				2020-01-08T04:23:21.747+0000 I NETWORK  [conn3] closing listening socket: 5
2020-01-08 04:23:21 [Thread-10] INFO  o.s.b.a.mongo.embedded.EmbeddedMongo -
				2020-01-08T04:23:21.747+0000 I NETWORK  [conn3] closing listening socket: 6
2020-01-08 04:23:21 [Thread-10] INFO  o.s.b.a.mongo.embedded.EmbeddedMongo -
				2020-01-08T04:23:21.747+0000 I NETWORK  [conn3] removing socket file: /tmp/mongodb-39911.sock
2020-01-08 04:23:21 [Thread-10] INFO  o.s.b.a.mongo.embedded.EmbeddedMongo -
				2020-01-08T04:23:21.747+0000 I NETWORK  [conn3] shutdown: going to flush diaglog...
2020-01-08 04:23:21 [Thread-10] INFO  o.s.b.a.mongo.embedded.EmbeddedMongo -
				2020-01-08T04:23:21.747+0000 I NETWORK  [conn3] shutdown: going to close sockets...
2020-01-08 04:23:21 [Thread-10] INFO  o.s.b.a.mongo.embedded.EmbeddedMongo -
				2020-01-08T04:23:21.747+0000 I STORAGE  [conn3] WiredTigerKVEngine shutting down
2020-01-08 04:23:21 [Thread-10] INFO  o.s.b.a.mongo.embedded.EmbeddedMongo -
				2020-01-08T04:23:21.751+0000 I NETWORK  [conn1] end connection 127.0.0.1:42242 (2 connections now open)
2020-01-08 04:23:21 [Thread-10] INFO  o.s.b.a.mongo.embedded.EmbeddedMongo -
				2020-01-08T04:23:21.751+0000 I NETWORK  [conn2] end connection 127.0.0.1:42244 (1 connection now open)
2020-01-08 04:23:21 [Thread-5] INFO  o.s.c.s.DefaultLifecycleProcessor -
				Stopping beans in phase 2147483647
2020-01-08 04:23:21 [Thread-2] INFO  d.f.e.process.runtime.ProcessControl -
				stopOrDestroyProcess: process hasn't exited 
2020-01-08 04:23:21 [Thread-9] INFO  d.f.e.process.runtime.ProcessControl -
				stopOrDestroyProcess: process hasn't exited 
